000 (8721613.000.000) 02/13 01:21:40 Job submitted from host: <130.199.153.67:9618?addrs=130.199.153.67-9618&noUDP&sock=9986_8adc_3>
...
001 (8721613.000.000) 02/13 01:22:00 Job executing on host: <130.199.202.103:9618?addrs=130.199.202.103-9618&noUDP&sock=150164_1c1b_3>
...
006 (8721613.000.000) 02/13 01:22:01 Image size of job updated: 178336
	0  -  MemoryUsage of job (MB)
	0  -  ResidentSetSize of job (KB)
...
005 (8721613.000.000) 02/13 01:22:01 Job terminated.
	(1) Normal termination (return value 0)
		Usr 0 00:00:00, Sys 0 00:00:00  -  Run Remote Usage
		Usr 0 00:00:00, Sys 0 00:00:00  -  Run Local Usage
		Usr 0 00:00:00, Sys 0 00:00:00  -  Total Remote Usage
		Usr 0 00:00:00, Sys 0 00:00:00  -  Total Local Usage
	0  -  Run Bytes Sent By Job
	0  -  Run Bytes Received By Job
	0  -  Total Bytes Sent By Job
	0  -  Total Bytes Received By Job
	Partitionable Resources :    Usage  Request Allocated 
	   Cpus                 :        0        1         1 
	   Disk (KB)            :        1        1   4811855 
	   Memory (MB)          :        0     1500      1536 
...
